<?xml version="1.0" encoding="UTF-8"?>
<!-- Generated by org.testng.reporters.JUnitXMLReporter -->
<testsuite hostname="Miradels-MacBook-Pro.local" ignored="0" name="AccountInfo and product info Test" tests="6" failures="0" timestamp="2019-06-23T22:52:44 EDT" time="27.078" errors="0">
  <testcase name="My_addresses" time="1.757" classname="com.prestashop.tests.smoke_tests.AcoountInformation"/>
  <testcase name="My_personal_information" time="1.82" classname="com.prestashop.tests.smoke_tests.AcoountInformation"/>
  <testcase name="verfyTitleAndUserName" time="0.028" classname="com.prestashop.tests.smoke_tests.AcoountInformation"/>
  <testcase name="Add_to_cart" time="2.069" classname="com.prestashop.tests.smoke_tests.Product_information"/>
  <testcase name="Product_information_details" time="0.971" classname="com.prestashop.tests.smoke_tests.Product_information"/>
  <testcase name="Product_information_price" time="0.787" classname="com.prestashop.tests.smoke_tests.Product_information"/>
</testsuite> <!-- AccountInfo and product info Test -->
